<?xml version="1.0" encoding="UTF-8"?>
<!-- Generated by org.testng.reporters.JUnitReportReporter -->
<testsuite hostname="LAPTOP-BUQV6KE4" failures="0" tests="1" name="testcases.CheckoutPage" time="0.000" errors="0" timestamp="2021-10-20T19:23:21 IST" skipped="1">
  <testcase classname="testcases.CheckoutPage" name="func" time="0.000">
    <skipped/>
  </testcase> <!-- func -->
  <system-out/>
</testsuite> <!-- testcases.CheckoutPage -->
