<?xml version="1.0" encoding="UTF-8"?>
<!-- Generated by org.testng.reporters.JUnitReportReporter -->
<testsuite hostname="LAPTOP-BUQV6KE4" failures="0" tests="1" name="testflipkart.FuncTest1" time="0.000" errors="0" timestamp="2021-05-25T18:33:36 IST" skipped="1">
  <testcase classname="testflipkart.FuncTest1" name="functest" time="0.000">
    <skipped/>
  </testcase> <!-- functest -->
  <system-out/>
</testsuite> <!-- testflipkart.FuncTest1 -->
