<?xml version="1.0" encoding="UTF-8"?>
<!-- Generated by org.testng.reporters.JUnitReportReporter -->
<testsuite hostname="LAPTOP-BUQV6KE4" failures="0" tests="1" name="testcases.SearchPage" time="1.603" errors="0" timestamp="2021-10-20T22:16:29 IST" skipped="0">
  <testcase classname="testcases.SearchPage" name="search" time="1.603"/>
  <system-out/>
</testsuite> <!-- testcases.SearchPage -->
